1267099689010:{"accuracy":24,"altitude":62,"bearing":null,"latitude":51.48910582065582,"longitude":0.06715178489685059,"provider":"gps","speed":null,"extras":null}:TEXT=council building
1267099876904:{"accuracy":16,"altitude":67,"bearing":15.8203125,"latitude":51.48946523666382,"longitude":0.06746292114257813,"provider":"gps","speed":0.75,"extras":null}:TEXT=post.office
1267099963267:{"accuracy":8,"altitude":68,"bearing":255.9375,"latitude":51.490055322647095,"longitude":0.06658315658569336,"provider":"gps","speed":0.75,"extras":null}:VOICE=d0d7165b-5f27-4988-9b11-db9f81e72281.3gp
1267099995328:{"accuracy":12,"altitude":67,"bearing":273.515625,"latitude":51.490049958229065,"longitude":0.06617546081542969,"provider":"gps","speed":0.5,"extras":null}:TEXT=university of greenwich
1267100062470:{"accuracy":6,"altitude":73,"bearing":247.8515625,"latitude":51.48966908454895,"longitude":0.06553173065185547,"provider":"gps","speed":0.25,"extras":null}:TEXT=abc cinema
1267100139498:{"accuracy":8,"altitude":74,"bearing":233.0859375,"latitude":51.48936331272125,"longitude":0.06502747535705566,"provider":"gps","speed":0.25,"extras":null}:TEXT=town hall
1267100202802:{"accuracy":48,"altitude":74,"bearing":233.0859375,"latitude":51.48936867713928,"longitude":0.0650167465209961,"provider":"gps","speed":0,"extras":null}:IMAGE=246ae84a-2917-4551-8096-4c9745428f29.jpg
1267100215391:{"accuracy":48,"altitude":74,"bearing":233.0859375,"latitude":51.48936867713928,"longitude":0.0650167465209961,"provider":"gps","speed":0,"extras":null}:IMAGE=effee03c-2a8c-47cf-94a9-9b7f32843946.jpg
1267100280499:{"accuracy":768,"altitude":74,"bearing":null,"latitude":51.48936331272125,"longitude":0.0649791955947876,"provider":"gps","speed":null,"extras":null}:IMAGE=f7641f97-13fa-4d8b-b3c3-387221196e06.jpg
1267100355705:{"accuracy":768,"altitude":74,"bearing":null,"latitude":51.48936331272125,"longitude":0.0649416446685791,"provider":"gps","speed":null,"extras":null}:TEXT=very broad minded in woolwich
1267100733726:{"accuracy":3072,"altitude":85,"bearing":null,"latitude":51.49114966392517,"longitude":0.06502211093902588,"provider":"gps","speed":null,"extras":null}:TEXT=registry office
1267100916601:{"accuracy":4,"altitude":69,"bearing":35.5078125,"latitude":51.48965299129486,"longitude":0.06554782390594482,"provider":"gps","speed":0,"extras":null}:IMAGE=da01e6c7-2914-4f0d-92a9-2a3cadb2f45f.jpg
1267101180368:{"accuracy":12,"altitude":55,"bearing":53.0859375,"latitude":51.49074196815491,"longitude":0.06836414337158203,"provider":"gps","speed":0,"extras":null}:TEXT=market
1267101251855:{"accuracy":12,"altitude":54,"bearing":53.0859375,"latitude":51.49074196815491,"longitude":0.0683373212814331,"provider":"gps","speed":0,"extras":null}:IMAGE=0d779dcc-8e20-4104-a7da-abf593abc463.jpg
1267101428407:{"accuracy":4,"altitude":61,"bearing":53.0859375,"latitude":51.490774154663086,"longitude":0.06843924522399902,"provider":"gps","speed":0,"extras":null}:VIDEO=195d00a9-1197-4d77-95d4-122f9d167eb0.mp4
1267101458330:{"accuracy":8,"altitude":61,"bearing":53.0859375,"latitude":51.490774154663086,"longitude":0.06844460964202881,"provider":"gps","speed":0,"extras":null}:TEXT=shakespeare behind quicksilver
1267101548062:{"accuracy":8,"altitude":61,"bearing":66.4453125,"latitude":51.49091362953186,"longitude":0.06866991519927979,"provider":"gps","speed":0,"extras":null}:TEXT=charter restricts market to this area
1267101774171:{"accuracy":4,"altitude":64,"bearing":62.578125,"latitude":51.49092435836792,"longitude":0.06912052631378174,"provider":"gps","speed":0,"extras":null}:IMAGE=1fd5d169-ab69-476c-8aa0-8c9bd9daee97.jpg
1267101797971:{"accuracy":4,"altitude":60,"bearing":62.578125,"latitude":51.49089217185974,"longitude":0.06922781467437744,"provider":"gps","speed":0,"extras":null}:VOICE=76d70e35-328f-46d9-acfe-f0ba8821aba6.3gp
1267102027901:{"accuracy":4,"altitude":54,"bearing":358.59375,"latitude":51.491037011146545,"longitude":0.0692063570022583,"provider":"gps","speed":0,"extras":null}:TEXT=china stores allsorts
1267102463546:{"accuracy":8,"altitude":51,"bearing":null,"latitude":51.49108529090881,"longitude":0.06926000118255615,"provider":"gps","speed":null,"extras":null}:TEXT=massy shaw fire float river sugs from madness
1267102743998:{"accuracy":8,"altitude":63,"bearing":79.453125,"latitude":51.4911550283432,"longitude":0.07049381732940674,"provider":"gps","speed":0.5,"extras":null}:TEXT=indoor market
1267102759015:{"accuracy":12,"altitude":63,"bearing":79.453125,"latitude":51.49116039276123,"longitude":0.07046163082122803,"provider":"gps","speed":0,"extras":null}:VOICE=f387b083-7878-41e8-a2fe-23c82fba6fe3.3gp
1267102800270:{"accuracy":12,"altitude":61,"bearing":79.453125,"latitude":51.49109601974487,"longitude":0.07052063941955566,"provider":"gps","speed":0,"extras":null}:IMAGE=a0fecf2b-9ac3-4302-ba6e-b7ab4ec3e993.jpg
1267102861348:{"accuracy":24,"altitude":55,"bearing":79.453125,"latitude":51.4910101890564,"longitude":0.07048308849334717,"provider":"gps","speed":0,"extras":null}:VIDEO=2ec74aad-dfeb-4d28-b312-7d689873099a.mp4
1267102906111:{"accuracy":6,"altitude":49,"bearing":79.453125,"latitude":51.491042375564575,"longitude":0.07075130939483643,"provider":"gps","speed":0,"extras":null}:IMAGE=aac05ddb-56e4-426c-bffe-dee9f80a5393.jpg
1267102987594:{"accuracy":12,"altitude":55,"bearing":79.453125,"latitude":51.491063833236694,"longitude":0.070762038230896,"provider":"gps","speed":0,"extras":null}:TEXT=woolwich infant pub
1267103091230:{"accuracy":16,"altitude":58,"bearing":284.0625,"latitude":51.49114966392517,"longitude":0.06971597671508789,"provider":"gps","speed":0.5,"extras":null}:TEXT=steve davis jim davidson
1267103251609:{"accuracy":6,"altitude":57,"bearing":256.9921875,"latitude":51.490833163261414,"longitude":0.06841778755187988,"provider":"gps","speed":0,"extras":null}:TEXT=furniture store advert superman costume williams store big lunchbox
1267103293266:{"accuracy":6,"altitude":64,"bearing":256.9921875,"latitude":51.49094581604004,"longitude":0.06802618503570557,"provider":"gps","speed":0.25,"extras":null}:TEXT=shakespeare nightclub
1267103531767:{"accuracy":8,"altitude":64,"bearing":270,"latitude":51.49150907993317,"longitude":0.06652414798736572,"provider":"gps","speed":0,"extras":null}:IMAGE=c0022afa-99c1-4d8a-85e4-0e668e656daa.jpg
1267103561708:{"accuracy":32,"altitude":65,"bearing":270,"latitude":51.49150371551514,"longitude":0.0664973258972168,"provider":"gps","speed":0,"extras":null}:TEXT=first mcdonalds in britain 1974
1267103953834:{"accuracy":8,"altitude":69,"bearing":316.0546875,"latitude":51.49213671684265,"longitude":0.06427645683288574,"provider":"gps","speed":0,"extras":null}:VOICE=350724a8-1959-403a-be23-2f1ba8440d0c.3gp
1267103973941:{"accuracy":6,"altitude":71,"bearing":316.0546875,"latitude":51.4921635389328,"longitude":0.06422817707061768,"provider":"gps","speed":0,"extras":null}:TEXT=coop building
1267104010206:{"accuracy":24,"altitude":75,"bearing":316.0546875,"latitude":51.49218499660492,"longitude":0.06406188011169434,"provider":"gps","speed":0,"extras":null}:IMAGE=a4f0b5cf-c9a8-4bd5-bcc4-f7beb1db6de5.jpg
1267104147158:{"accuracy":48,"altitude":63,"bearing":313.59375,"latitude":51.49250149726868,"longitude":0.06337523460388184,"provider":"gps","speed":0,"extras":null}:TEXT=alex mcleod founder coop
1267104878339:{"accuracy":128,"altitude":74,"bearing":313.59375,"latitude":51.492544412612915,"longitude":0.06336987018585205,"provider":"gps","speed":0,"extras":null}:TEXT=woolworths
1267105161833:{"accuracy":24,"altitude":51,"bearing":351.2109375,"latitude":51.49424493312836,"longitude":0.06407797336578369,"provider":"gps","speed":0,"extras":null}:IMAGE=558a4b7a-a8f2-4f02-8346-b0e375bc713d.jpg
1267107447056:{"accuracy":16,"altitude":52,"bearing":null,"latitude":51.49393379688263,"longitude":0.06990373134613037,"provider":"gps","speed":null,"extras":null}:TEXT=heritage centre
1267107468098:{"accuracy":16,"altitude":52,"bearing":null,"latitude":51.49393379688263,"longitude":0.06990373134613037,"provider":"gps","speed":null,"extras":null}:TEXT=tower place tudor times
1267107550045:{"accuracy":16,"altitude":52,"bearing":null,"latitude":51.49393379688263,"longitude":0.06990373134613037,"provider":"gps","speed":null,"extras":null}:TEXT=heritage centre
1267107651977:{"accuracy":16,"altitude":52,"bearing":null,"latitude":51.49393379688263,"longitude":0.06990373134613037,"provider":"gps","speed":null,"extras":null}:TEXT=gunpowder from greenwich to woolwich
1267107839651:{"accuracy":16,"altitude":52,"bearing":null,"latitude":51.49393379688263,"longitude":0.06990373134613037,"provider":"gps","speed":null,"extras":null}:TEXT=biggest factory in world 1915
1267108290266:{"accuracy":16,"altitude":52,"bearing":null,"latitude":51.49393379688263,"longitude":0.06990373134613037,"provider":"gps","speed":null,"extras":null}:VOICE=a786d341-2add-4533-9cb5-a564fbe9aafa.3gp
1267108337262:{"accuracy":16,"altitude":52,"bearing":null,"latitude":51.49393379688263,"longitude":0.06990373134613037,"provider":"gps","speed":null,"extras":null}:TEXT=egyptian sculpture
1267108403848:{"accuracy":16,"altitude":52,"bearing":null,"latitude":51.49393379688263,"longitude":0.06990373134613037,"provider":"gps","speed":null,"extras":null}:VOICE=13cfd09f-4fd4-497c-bf09-e09cfed10888.3gp
1267108454592:{"accuracy":16,"altitude":52,"bearing":null,"latitude":51.49393379688263,"longitude":0.06990373134613037,"provider":"gps","speed":null,"extras":null}:IMAGE=56885c4a-977a-4db6-970a-e2ef691b0bbf.jpg
1267108591453:{"accuracy":16,"altitude":52,"bearing":null,"latitude":51.49393379688263,"longitude":0.06990373134613037,"provider":"gps","speed":null,"extras":null}:VOICE=c3ac853f-e6c0-4ab2-bcef-d360c3ed97e8.3gp
1267108686453:{"accuracy":16,"altitude":52,"bearing":null,"latitude":51.49393379688263,"longitude":0.06990373134613037,"provider":"gps","speed":null,"extras":null}:VOICE=ca7b7395-c2a1-49c3-b893-38179976ff38.3gp
1267109000454:{"accuracy":16,"altitude":52,"bearing":null,"latitude":51.49393379688263,"longitude":0.06990373134613037,"provider":"gps","speed":null,"extras":null}:VOICE=e74ccdb3-687a-4454-bb0c-53442e34fc43.3gp
1267109035553:{"accuracy":16,"altitude":52,"bearing":null,"latitude":51.49393379688263,"longitude":0.06990373134613037,"provider":"gps","speed":null,"extras":null}:IMAGE=92f0f614-156a-46b1-b1f4-6622e1d90c5c.jpg
1267109181804:{"accuracy":16,"altitude":52,"bearing":null,"latitude":51.49393379688263,"longitude":0.06990373134613037,"provider":"gps","speed":null,"extras":null}:IMAGE=3fc7f447-2ead-4919-9ea0-ba14c0d98312.jpg
1267109246970:{"accuracy":16,"altitude":52,"bearing":null,"latitude":51.49393379688263,"longitude":0.06990373134613037,"provider":"gps","speed":null,"extras":null}:VOICE=ee999377-d7f4-482c-9ef3-b332b06fb017.3gp
1267109641976:{"accuracy":16,"altitude":52,"bearing":null,"latitude":51.49393379688263,"longitude":0.06990373134613037,"provider":"gps","speed":null,"extras":null}:VOICE=6f75b2fb-7cce-4b0e-8691-1c818f401d87.3gp
1267109753609:{"accuracy":16,"altitude":52,"bearing":null,"latitude":51.49393379688263,"longitude":0.06990373134613037,"provider":"gps","speed":null,"extras":null}:TEXT=housing key workers
1267109897354:{"accuracy":16,"altitude":52,"bearing":null,"latitude":51.49393379688263,"longitude":0.06990373134613037,"provider":"gps","speed":null,"extras":null}:TEXT=steam hammers
1267111465647:{"accuracy":16,"altitude":52,"bearing":null,"latitude":51.49393379688263,"longitude":0.06990373134613037,"provider":"gps","speed":null,"extras":null}:VOICE=d3d4e197-a062-4bde-8421-c90a26873460.3gp
1267111481291:{"accuracy":1536,"altitude":93,"bearing":null,"latitude":51.49515688419342,"longitude":0.06916344165802002,"provider":"gps","speed":null,"extras":null}:TEXT=archive
1267111812277:{"accuracy":48,"altitude":34,"bearing":null,"latitude":51.494507789611816,"longitude":0.06916344165802002,"provider":"gps","speed":null,"extras":null}:VOICE=cef2a67f-73f3-4aa7-85fd-c78c23f0cdf0.3gp
